<?xml version="1.0" encoding="UTF-8"?>
<!-- Generated by org.testng.reporters.JUnitReportReporter -->
<testsuite hostname="IA-977-Wilson" failures="0" tests="5" name="Paytm" time="3.344" errors="0" timestamp="2020-05-22T00:57:56 IST" skipped="0">
  <testcase classname="Paytm" name="writemovies" time="0.766"/>
  <system-out/>
  <testcase classname="Paytm" name="Moviereleasedate" time="0.312"/>
  <system-out/>
  <testcase classname="Paytm" name="MoviePosterURL" time="0.368"/>
  <system-out/>
  <testcase classname="Paytm" name="Paytmmoviecode" time="0.331"/>
  <system-out/>
  <testcase classname="Paytm" name="GetStatusCode" time="1.567"/>
  <system-out/>
</testsuite> <!-- Paytm -->
